<?xml version="1.0" encoding="UTF-8"?>
<testsuites>
  <testsuite name="fastlane.lanes">
    
    
    
      
      <testcase classname="fastlane.lanes" name="0: default_platform" time="0.000265834">
        
      </testcase>
    
      
      <testcase classname="fastlane.lanes" name="1: test" time="379.009776296">
        
          <failure message="/var/lib/gems/2.5.0/gems/fastlane-2.157.2/fastlane/lib/fastlane/actions/actions_helper.rb:48:in `execute_action'&#10;/var/lib/gems/2.5.0/gems/fastlane-2.157.2/fastlane/lib/fastlane/runner.rb:255:in `block in execute_action'&#10;/var/lib/gems/2.5.0/gems/fastlane-2.157.2/fastlane/lib/fastlane/runner.rb:229:in `chdir'&#10;/var/lib/gems/2.5.0/gems/fastlane-2.157.2/fastlane/lib/fastlane/runner.rb:229:in `execute_action'&#10;/var/lib/gems/2.5.0/gems/fastlane-2.157.2/fastlane/lib/fastlane/runner.rb:157:in `trigger_action_by_name'&#10;/var/lib/gems/2.5.0/gems/fastlane-2.157.2/fastlane/lib/fastlane/fast_file.rb:159:in `method_missing'&#10;Fastfile:21:in `block (2 levels) in parsing_binding'&#10;/var/lib/gems/2.5.0/gems/fastlane-2.157.2/fastlane/lib/fastlane/lane.rb:33:in `call'&#10;/var/lib/gems/2.5.0/gems/fastlane-2.157.2/fastlane/lib/fastlane/runner.rb:49:in `block in execute'&#10;/var/lib/gems/2.5.0/gems/fastlane-2.157.2/fastlane/lib/fastlane/runner.rb:45:in `chdir'&#10;/var/lib/gems/2.5.0/gems/fastlane-2.157.2/fastlane/lib/fastlane/runner.rb:45:in `execute'&#10;/var/lib/gems/2.5.0/gems/fastlane-2.157.2/fastlane/lib/fastlane/lane_manager.rb:47:in `cruise_lane'&#10;/var/lib/gems/2.5.0/gems/fastlane-2.157.2/fastlane/lib/fastlane/command_line_handler.rb:36:in `handle'&#10;/var/lib/gems/2.5.0/gems/fastlane-2.157.2/fastlane/lib/fastlane/commands_generator.rb:108:in `block (2 levels) in run'&#10;/var/lib/gems/2.5.0/gems/commander-fastlane-4.4.6/lib/commander/command.rb:178:in `call'&#10;/var/lib/gems/2.5.0/gems/commander-fastlane-4.4.6/lib/commander/command.rb:153:in `run'&#10;/var/lib/gems/2.5.0/gems/commander-fastlane-4.4.6/lib/commander/runner.rb:476:in `run_active_command'&#10;/var/lib/gems/2.5.0/gems/fastlane-2.157.2/fastlane_core/lib/fastlane_core/ui/fastlane_runner.rb:76:in `run!'&#10;/var/lib/gems/2.5.0/gems/commander-fastlane-4.4.6/lib/commander/delegates.rb:15:in `run!'&#10;/var/lib/gems/2.5.0/gems/fastlane-2.157.2/fastlane/lib/fastlane/commands_generator.rb:352:in `run'&#10;/var/lib/gems/2.5.0/gems/fastlane-2.157.2/fastlane/lib/fastlane/commands_generator.rb:41:in `start'&#10;/var/lib/gems/2.5.0/gems/fastlane-2.157.2/fastlane/lib/fastlane/cli_tools_distributor.rb:119:in `take_off'&#10;/var/lib/gems/2.5.0/gems/fastlane-2.157.2/bin/fastlane:23:in `&lt;top (required)&gt;'&#10;/usr/local/bin/fastlane:23:in `load'&#10;/usr/local/bin/fastlane:23:in `&lt;main&gt;'&#10;&#10;Exit status of command '/home/admin123/StudioProjects/rootProjects/rootExp/viper/gradlew test -p .' was 1 instead of 0.&#10;Starting a Gradle Daemon, 1 incompatible Daemon could not be reused, use --status for details&#10;&gt; Task :app:preBuild UP-TO-DATE&#10;&gt; Task :app:preDebugBuild UP-TO-DATE&#10;&gt; Task :app:compileDebugAidl NO-SOURCE&#10;&gt; Task :app:generateDebugBuildConfig&#10;&gt; Task :app:compileDebugRenderscript NO-SOURCE&#10;&gt; Task :app:writeDebugApplicationId&#10;&gt; Task :app:generateSafeArgsDebug&#10;&gt; Task :app:generateDebugResValues&#10;&gt; Task :app:generateDebugResources&#10;&#10;&gt; Task :app:processDebugGoogleServices&#10;Parsing json file: /home/admin123/StudioProjects/rootProjects/rootExp/viper/app/google-services.json&#10;&#10;&gt; Task :app:mergeDebugResources&#10;&gt; Task :app:createDebugCompatibleScreenManifests&#10;&gt; Task :app:extractDeepLinksDebug&#10;&gt; Task :app:processDebugManifest&#10;&gt; Task :app:preDebugUnitTestBuild UP-TO-DATE&#10;&gt; Task :app:javaPreCompileDebug&#10;&gt; Task :app:javaPreCompileDebugUnitTest&#10;&gt; Task :app:processDebugResources&#10;&gt; Task :app:kaptGenerateStubsDebugKotlin&#10;w: -Xcoroutines has no effect: coroutines are enabled anyway in 1.3 and beyond&#10;&#10;&gt; Task :app:kaptDebugKotlin&#10;&gt; Task :app:compileDebugKotlin&#10;w: -Xcoroutines has no effect: coroutines are enabled anyway in 1.3 and beyond&#10;&#10;&gt; Task :app:processDebugJavaRes NO-SOURCE&#10;&gt; Task :app:processDebugUnitTestJavaRes NO-SOURCE&#10;&gt; Task :app:preReleaseBuild UP-TO-DATE&#10;&gt; Task :app:compileReleaseAidl NO-SOURCE&#10;&gt; Task :app:compileReleaseRenderscript NO-SOURCE&#10;&gt; Task :app:generateReleaseBuildConfig&#10;&gt; Task :app:writeReleaseApplicationId&#10;&gt; Task :app:generateSafeArgsRelease&#10;&gt; Task :app:generateReleaseResValues&#10;&gt; Task :app:generateReleaseResources&#10;&#10;&gt; Task :app:processReleaseGoogleServices&#10;Parsing json file: /home/admin123/StudioProjects/rootProjects/rootExp/viper/app/google-services.json&#10;&#10;&gt; Task :app:compileDebugJavaWithJavac&#10;&#10;&gt; Task :app:kaptGenerateStubsDebugUnitTestKotlin&#10;w: -Xcoroutines has no effect: coroutines are enabled anyway in 1.3 and beyond&#10;&#10;&gt; Task :app:kaptDebugUnitTestKotlin FAILED&#10;&gt; Task :app:mergeReleaseResources&#10;&#10;FAILURE: Build failed with an exception.&#10;&#10;* What went wrong:&#10;Execution failed for task ':app:kaptDebugUnitTestKotlin'.&#10;&gt; Could not resolve all files for configuration ':app:_classStructurekaptDebugUnitTestKotlin'.&#10;   &gt; Failed to transform R.jar to match attributes {artifactType=class-structure, org.gradle.libraryelements=jar, org.gradle.usage=java-runtime}.&#10;      &gt; Execution failed for StructureArtifactTransform: /home/admin123/StudioProjects/rootProjects/rootExp/viper/app/build/intermediates/compile_and_runtime_not_namespaced_r_class_jar/debug/R.jar.&#10;         &gt; /home/admin123/StudioProjects/rootProjects/rootExp/viper/app/build/intermediates/compile_and_runtime_not_namespaced_r_class_jar/debug/R.jar (No such file or directory)&#10;&#10;* Try:&#10;Run with --stacktrace option to get the stack trace. Run with --info or --debug option to get more log output. Run with --scan to get full insights.&#10;&#10;* Get more help at https://help.gradle.org&#10;&#10;BUILD FAILED in 6m 10s&#10;24 actionable tasks: 24 executed&#10;" />
        
      </testcase>
    
  </testsuite>
</testsuites>
